<?xml version="1.0" encoding="UTF-8"?>
<TestRun id="0f59a9ee-9b3a-43c5-9506-26aaffcec0e2" name="Admin@D46 2022-03-17 10:32:15" runUser="D46\Admin" xmlns="http://microsoft.com/schemas/VisualStudio/TeamTest/2010">
  <TestSettings name="Local" id="904e1636-c7f5-45e3-b84f-b9dab1cc98be">
    <Description>These are default test settings for a local test run.</Description>
    <Deployment enabled="false" runDeploymentRoot="Admin_D46 2022-03-17 10_32_15">
      <DeploymentItem filename="D:\KTPM\Calculator\Calculator\Calculator\bin\Debug\Calculator.exe" />
    </Deployment>
    <Execution>
      <TestTypeSpecific />
      <AgentRule name="Execution Agents">
      </AgentRule>
    </Execution>
  </TestSettings>
  <Times creation="2022-03-17T10:32:15.9820000+07:00" queuing="2022-03-17T10:32:16.0000000+07:00" start="2022-03-17T10:32:16.0030000+07:00" finish="2022-03-17T10:32:16.1280000+07:00" />
  <ResultSummary outcome="Completed">
    <Counters total="1" executed="1" passed="1" error="0" failed="0" timeout="0" aborted="0" inconclusive="0" passedButRunAborted="0" notRunnable="0" notExecuted="0" disconnected="0" warning="0" completed="0" inProgress="0" pending="0" />
  </ResultSummary>
  <TestDefinitions>
    <UnitTest name="TestCoverToBinary" storage="d:\ktpm\calculator\calculator\calculatortester\bin\debug\calculatortester.dll" id="7c137ede-9170-bef6-9691-b4b0cd4be248">
      <Execution id="52b16824-8de4-4a01-8afe-e5cd8b32bb3d" />
      <TestMethod codeBase="D:/KTPM/Calculator/Calculator/CalculatorTester/bin/Debug/CalculatorTester.DLL" adapterTypeName="Microsoft.VisualStudio.TestTools.TestTypes.Unit.UnitTestAdapter, Microsoft.VisualStudio.QualityTools.Tips.UnitTest.Adapter, Version=10.0.0.0, Culture=neutral, PublicKeyToken=b03f5f7f11d50a3a" className="CalculatorTester.Cau3_Radix, CalculatorTester, Version=1.0.0.0, Culture=neutral, PublicKeyToken=null" name="TestCoverToBinary" />
    </UnitTest>
  </TestDefinitions>
  <TestLists>
    <TestList name="Results Not in a List" id="8c84fa94-04c1-424b-9868-57a2d4851a1d" />
    <TestList name="All Loaded Results" id="19431567-8539-422a-85d7-44ee4e166bda" />
  </TestLists>
  <TestEntries>
    <TestEntry testId="7c137ede-9170-bef6-9691-b4b0cd4be248" executionId="52b16824-8de4-4a01-8afe-e5cd8b32bb3d" testListId="8c84fa94-04c1-424b-9868-57a2d4851a1d" />
  </TestEntries>
  <Results>
    <UnitTestResult executionId="52b16824-8de4-4a01-8afe-e5cd8b32bb3d" testId="7c137ede-9170-bef6-9691-b4b0cd4be248" testName="TestCoverToBinary" computerName="D46" duration="00:00:00.0076428" startTime="2022-03-17T10:32:16.0070000+07:00" endTime="2022-03-17T10:32:16.1170000+07:00" testType="13cdc9d9-ddb5-4fa4-a97d-d965ccfc6d4b" outcome="Passed" testListId="8c84fa94-04c1-424b-9868-57a2d4851a1d" relativeResultsDirectory="52b16824-8de4-4a01-8afe-e5cd8b32bb3d">
    </UnitTestResult>
  </Results>
</TestRun>