<?xml version="1.0" encoding="UTF-8"?>
<TestRun id="a3f2b69a-e9b7-4299-bb57-5b4757ac06ce" name="Admin@D46 2022-03-17 09:53:22" runUser="D46\Admin" xmlns="http://microsoft.com/schemas/VisualStudio/TeamTest/2010">
  <TestSettings name="Local" id="904e1636-c7f5-45e3-b84f-b9dab1cc98be">
    <Description>These are default test settings for a local test run.</Description>
    <Deployment enabled="false" runDeploymentRoot="Admin_D46 2022-03-17 09_53_22">
      <DeploymentItem filename="D:\KTPM\Calculator\Calculator\Calculator\bin\Debug\Calculator.exe" />
    </Deployment>
    <Execution>
      <TestTypeSpecific />
      <AgentRule name="Execution Agents">
      </AgentRule>
    </Execution>
  </TestSettings>
  <Times creation="2022-03-17T09:53:22.6780000+07:00" queuing="2022-03-17T09:53:22.7260000+07:00" start="2022-03-17T09:53:22.7280000+07:00" finish="2022-03-17T09:53:22.8510000+07:00" />
  <ResultSummary outcome="Completed">
    <Counters total="1" executed="1" passed="1" error="0" failed="0" timeout="0" aborted="0" inconclusive="0" passedButRunAborted="0" notRunnable="0" notExecuted="0" disconnected="0" warning="0" completed="0" inProgress="0" pending="0" />
  </ResultSummary>
  <TestDefinitions>
    <UnitTest name="TestCal1" storage="d:\ktpm\calculator\calculator\calculatortester\bin\debug\calculatortester.dll" id="6f462ced-087c-11e5-5c3e-67ff7d9ffff6">
      <Execution id="b86f59f1-bc24-4fca-8f0d-09858988d26f" />
      <TestMethod codeBase="D:/KTPM/Calculator/Calculator/CalculatorTester/bin/Debug/CalculatorTester.DLL" adapterTypeName="Microsoft.VisualStudio.TestTools.TestTypes.Unit.UnitTestAdapter, Microsoft.VisualStudio.QualityTools.Tips.UnitTest.Adapter, Version=10.0.0.0, Culture=neutral, PublicKeyToken=b03f5f7f11d50a3a" className="CalculatorTester.Cau2, CalculatorTester, Version=1.0.0.0, Culture=neutral, PublicKeyToken=null" name="TestCal1" />
    </UnitTest>
  </TestDefinitions>
  <TestLists>
    <TestList name="Results Not in a List" id="8c84fa94-04c1-424b-9868-57a2d4851a1d" />
    <TestList name="All Loaded Results" id="19431567-8539-422a-85d7-44ee4e166bda" />
  </TestLists>
  <TestEntries>
    <TestEntry testId="6f462ced-087c-11e5-5c3e-67ff7d9ffff6" executionId="b86f59f1-bc24-4fca-8f0d-09858988d26f" testListId="8c84fa94-04c1-424b-9868-57a2d4851a1d" />
  </TestEntries>
  <Results>
    <UnitTestResult executionId="b86f59f1-bc24-4fca-8f0d-09858988d26f" testId="6f462ced-087c-11e5-5c3e-67ff7d9ffff6" testName="TestCal1" computerName="D46" duration="00:00:00.0077811" startTime="2022-03-17T09:53:22.7320000+07:00" endTime="2022-03-17T09:53:22.8410000+07:00" testType="13cdc9d9-ddb5-4fa4-a97d-d965ccfc6d4b" outcome="Passed" testListId="8c84fa94-04c1-424b-9868-57a2d4851a1d" relativeResultsDirectory="b86f59f1-bc24-4fca-8f0d-09858988d26f">
    </UnitTestResult>
  </Results>
</TestRun>