<?xml version="1.0" encoding="UTF-8"?>
<TestRun id="82182797-669c-42a2-8293-0e971b8e3c14" name="Admin@D46 2022-03-17 09:52:02" runUser="D46\Admin" xmlns="http://microsoft.com/schemas/VisualStudio/TeamTest/2010">
  <TestSettings name="Local" id="904e1636-c7f5-45e3-b84f-b9dab1cc98be">
    <Description>These are default test settings for a local test run.</Description>
    <Deployment enabled="false" runDeploymentRoot="Admin_D46 2022-03-17 09_52_02">
      <DeploymentItem filename="D:\KTPM\Calculator\Calculator\Calculator\bin\Debug\Calculator.exe" />
    </Deployment>
    <Execution>
      <TestTypeSpecific />
      <AgentRule name="Execution Agents">
      </AgentRule>
    </Execution>
  </TestSettings>
  <Times creation="2022-03-17T09:52:02.9950000+07:00" queuing="2022-03-17T09:52:03.0120000+07:00" start="2022-03-17T09:52:03.0150000+07:00" finish="2022-03-17T09:52:03.1480000+07:00" />
  <ResultSummary outcome="Failed">
    <Counters total="1" executed="1" error="0" failed="1" timeout="0" aborted="0" inconclusive="0" passedButRunAborted="0" notRunnable="0" notExecuted="0" disconnected="0" warning="0" passed="0" completed="0" inProgress="0" pending="0" />
  </ResultSummary>
  <TestDefinitions>
    <UnitTest name="TestCal1" storage="d:\ktpm\calculator\calculator\calculatortester\bin\debug\calculatortester.dll" id="6f462ced-087c-11e5-5c3e-67ff7d9ffff6">
      <Execution id="c78061b0-5150-4391-ba7e-b7d3d1949a4a" />
      <TestMethod codeBase="D:/KTPM/Calculator/Calculator/CalculatorTester/bin/Debug/CalculatorTester.DLL" adapterTypeName="Microsoft.VisualStudio.TestTools.TestTypes.Unit.UnitTestAdapter, Microsoft.VisualStudio.QualityTools.Tips.UnitTest.Adapter, Version=10.0.0.0, Culture=neutral, PublicKeyToken=b03f5f7f11d50a3a" className="CalculatorTester.Cau2, CalculatorTester, Version=1.0.0.0, Culture=neutral, PublicKeyToken=null" name="TestCal1" />
    </UnitTest>
  </TestDefinitions>
  <TestLists>
    <TestList name="Results Not in a List" id="8c84fa94-04c1-424b-9868-57a2d4851a1d" />
    <TestList name="All Loaded Results" id="19431567-8539-422a-85d7-44ee4e166bda" />
  </TestLists>
  <TestEntries>
    <TestEntry testId="6f462ced-087c-11e5-5c3e-67ff7d9ffff6" executionId="c78061b0-5150-4391-ba7e-b7d3d1949a4a" testListId="8c84fa94-04c1-424b-9868-57a2d4851a1d" />
  </TestEntries>
  <Results>
    <UnitTestResult executionId="c78061b0-5150-4391-ba7e-b7d3d1949a4a" testId="6f462ced-087c-11e5-5c3e-67ff7d9ffff6" testName="TestCal1" computerName="D46" duration="00:00:00.0174693" startTime="2022-03-17T09:52:03.0190000+07:00" endTime="2022-03-17T09:52:03.1370000+07:00" testType="13cdc9d9-ddb5-4fa4-a97d-d965ccfc6d4b" outcome="Failed" testListId="8c84fa94-04c1-424b-9868-57a2d4851a1d" relativeResultsDirectory="c78061b0-5150-4391-ba7e-b7d3d1949a4a">
      <Output>
        <ErrorInfo>
          <Message>Assert.AreEqual failed. Expected:&lt;10&gt;. Actual:&lt;6&gt;. </Message>
          <StackTrace>   at CalculatorTester.Cau2.TestCal1() in D:\KTPM\Calculator\Calculator\CalculatorTester\Cau2.cs:line 34
</StackTrace>
        </ErrorInfo>
      </Output>
    </UnitTestResult>
  </Results>
</TestRun>