<?xml version="1.0" encoding="UTF-8"?>
<TestRun id="3edb2d8a-723e-4865-b990-89aada6c773e" name="Admin@D45 2022-03-10 08:49:31" runUser="D45\Admin" xmlns="http://microsoft.com/schemas/VisualStudio/TeamTest/2010">
  <TestSettings name="Local" id="904e1636-c7f5-45e3-b84f-b9dab1cc98be">
    <Description>These are default test settings for a local test run.</Description>
    <Deployment enabled="false" runDeploymentRoot="Admin_D45 2022-03-10 08_49_31">
      <DeploymentItem filename="C:\Users\Admin\Desktop\Calculator\Calculator\Calculator\bin\Debug\Calculator.exe" />
    </Deployment>
    <Execution>
      <TestTypeSpecific />
      <AgentRule name="Execution Agents">
      </AgentRule>
    </Execution>
  </TestSettings>
  <Times creation="2022-03-10T08:49:31.6970000+07:00" queuing="2022-03-10T08:49:31.7170000+07:00" start="2022-03-10T08:49:31.7190000+07:00" finish="2022-03-10T08:49:31.9970000+07:00" />
  <ResultSummary outcome="Completed">
    <Counters total="5" executed="5" passed="5" error="0" failed="0" timeout="0" aborted="0" inconclusive="0" passedButRunAborted="0" notRunnable="0" notExecuted="0" disconnected="0" warning="0" completed="0" inProgress="0" pending="0" />
  </ResultSummary>
  <TestDefinitions>
    <UnitTest name="TestWithDataSource" storage="c:\users\admin\desktop\calculator\calculator\calculatortester\bin\debug\calculatortester.dll" id="b16e3180-a64c-507c-c325-e19aaafbe832">
      <Execution id="5a86d8a4-6c5c-4b6b-aac3-95929a39b91c" />
      <TestMethod codeBase="C:/Users/Admin/Desktop/Calculator/Calculator/CalculatorTester/bin/Debug/CalculatorTester.DLL" adapterTypeName="Microsoft.VisualStudio.TestTools.TestTypes.Unit.UnitTestAdapter, Microsoft.VisualStudio.QualityTools.Tips.UnitTest.Adapter, Version=10.0.0.0, Culture=neutral, PublicKeyToken=b03f5f7f11d50a3a" className="CalculatorTester.UnitTest2, CalculatorTester, Version=1.0.0.0, Culture=neutral, PublicKeyToken=null" name="TestWithDataSource" />
      <DataSource connectionString="C:\Users\Admin\Desktop\Calculator\Calculator\CalculatorTester\Data\TestData.csv" providerInvariantName="Microsoft.VisualStudio.TestTools.DataSource.CSV" tableName="TestData#csv" />
    </UnitTest>
  </TestDefinitions>
  <TestLists>
    <TestList name="Results Not in a List" id="8c84fa94-04c1-424b-9868-57a2d4851a1d" />
    <TestList name="All Loaded Results" id="19431567-8539-422a-85d7-44ee4e166bda" />
  </TestLists>
  <TestEntries>
    <TestEntry testId="b16e3180-a64c-507c-c325-e19aaafbe832" executionId="5a86d8a4-6c5c-4b6b-aac3-95929a39b91c" testListId="8c84fa94-04c1-424b-9868-57a2d4851a1d" />
  </TestEntries>
  <Results>
    <UnitTestResult executionId="5a86d8a4-6c5c-4b6b-aac3-95929a39b91c" testId="b16e3180-a64c-507c-c325-e19aaafbe832" testName="TestWithDataSource" computerName="D45" duration="00:00:00.1223197" startTime="2022-03-10T08:49:31.7240000+07:00" endTime="2022-03-10T08:49:31.9500000+07:00" testType="13cdc9d9-ddb5-4fa4-a97d-d965ccfc6d4b" outcome="Passed" testListId="8c84fa94-04c1-424b-9868-57a2d4851a1d" relativeResultsDirectory="5a86d8a4-6c5c-4b6b-aac3-95929a39b91c" resultType="DataDrivenTest">
      <Counters error="0" failed="0" timeout="0" aborted="0" inconclusive="0" passedButRunAborted="0" notRunnable="0" notExecuted="0" disconnected="0" warning="0" passed="4" completed="0" inProgress="0" pending="0" />
      <InnerResults>
        <UnitTestResult executionId="abdc6155-c6f7-4cdb-8bda-de8ab460c7a1" parentExecutionId="5a86d8a4-6c5c-4b6b-aac3-95929a39b91c" testId="b16e3180-a64c-507c-c325-e19aaafbe832" testName="TestWithDataSource" computerName="D45" duration="00:00:00.0318748" startTime="2022-03-10T08:49:31.9100000+07:00" endTime="2022-03-10T08:49:31.9450000+07:00" testType="13cdc9d9-ddb5-4fa4-a97d-d965ccfc6d4b" outcome="Passed" testListId="8c84fa94-04c1-424b-9868-57a2d4851a1d" relativeResultsDirectory="5a86d8a4-6c5c-4b6b-aac3-95929a39b91c" dataRowInfo="0" resultType="DataDrivenDataRow" />
        <UnitTestResult executionId="4255d115-408e-4b0d-87ae-0cc6311c6e6b" parentExecutionId="5a86d8a4-6c5c-4b6b-aac3-95929a39b91c" testId="b16e3180-a64c-507c-c325-e19aaafbe832" testName="TestWithDataSource" computerName="D45" duration="00:00:00.0000167" startTime="2022-03-10T08:49:31.9450000+07:00" endTime="2022-03-10T08:49:31.9450000+07:00" testType="13cdc9d9-ddb5-4fa4-a97d-d965ccfc6d4b" outcome="Passed" testListId="8c84fa94-04c1-424b-9868-57a2d4851a1d" relativeResultsDirectory="5a86d8a4-6c5c-4b6b-aac3-95929a39b91c" dataRowInfo="1" resultType="DataDrivenDataRow" />
        <UnitTestResult executionId="8372ade0-68a1-4de6-8000-24c6b375f4ff" parentExecutionId="5a86d8a4-6c5c-4b6b-aac3-95929a39b91c" testId="b16e3180-a64c-507c-c325-e19aaafbe832" testName="TestWithDataSource" computerName="D45" duration="00:00:00.0000047" startTime="2022-03-10T08:49:31.9450000+07:00" endTime="2022-03-10T08:49:31.9450000+07:00" testType="13cdc9d9-ddb5-4fa4-a97d-d965ccfc6d4b" outcome="Passed" testListId="8c84fa94-04c1-424b-9868-57a2d4851a1d" relativeResultsDirectory="5a86d8a4-6c5c-4b6b-aac3-95929a39b91c" dataRowInfo="2" resultType="DataDrivenDataRow" />
        <UnitTestResult executionId="de379470-16dd-4a6c-a454-c004334a598b" parentExecutionId="5a86d8a4-6c5c-4b6b-aac3-95929a39b91c" testId="b16e3180-a64c-507c-c325-e19aaafbe832" testName="TestWithDataSource" computerName="D45" duration="00:00:00.0000061" startTime="2022-03-10T08:49:31.9450000+07:00" endTime="2022-03-10T08:49:31.9450000+07:00" testType="13cdc9d9-ddb5-4fa4-a97d-d965ccfc6d4b" outcome="Passed" testListId="8c84fa94-04c1-424b-9868-57a2d4851a1d" relativeResultsDirectory="5a86d8a4-6c5c-4b6b-aac3-95929a39b91c" dataRowInfo="3" resultType="DataDrivenDataRow" />
      </InnerResults>
    </UnitTestResult>
  </Results>
</TestRun>