<?xml version="1.0" encoding="UTF-8"?>
<TestRun id="e9e37519-636d-4fd0-9a28-a34b47eb7858" name="Admin@D45 2022-03-10 08:57:52" runUser="D45\Admin" xmlns="http://microsoft.com/schemas/VisualStudio/TeamTest/2010">
  <TestSettings name="Local" id="904e1636-c7f5-45e3-b84f-b9dab1cc98be">
    <Description>These are default test settings for a local test run.</Description>
    <Deployment enabled="false" runDeploymentRoot="Admin_D45 2022-03-10 08_57_52">
      <DeploymentItem filename="C:\Users\Admin\Desktop\Calculator\Calculator\Calculator\bin\Debug\Calculator.exe" />
    </Deployment>
    <Execution>
      <TestTypeSpecific />
      <AgentRule name="Execution Agents">
      </AgentRule>
    </Execution>
  </TestSettings>
  <Times creation="2022-03-10T08:57:52.3760000+07:00" queuing="2022-03-10T08:57:52.3980000+07:00" start="2022-03-10T08:57:52.4010000+07:00" finish="2022-03-10T08:57:52.6230000+07:00" />
  <ResultSummary outcome="Completed">
    <Counters total="5" executed="5" passed="5" error="0" failed="0" timeout="0" aborted="0" inconclusive="0" passedButRunAborted="0" notRunnable="0" notExecuted="0" disconnected="0" warning="0" completed="0" inProgress="0" pending="0" />
  </ResultSummary>
  <TestDefinitions>
    <UnitTest name="TestWithDataSource" storage="c:\users\admin\desktop\calculator\calculator\calculatortester\bin\debug\calculatortester.dll" id="b16e3180-a64c-507c-c325-e19aaafbe832">
      <Execution id="082f6df5-1ff7-4a55-8e77-f765136c1032" />
      <TestMethod codeBase="C:/Users/Admin/Desktop/Calculator/Calculator/CalculatorTester/bin/Debug/CalculatorTester.DLL" adapterTypeName="Microsoft.VisualStudio.TestTools.TestTypes.Unit.UnitTestAdapter, Microsoft.VisualStudio.QualityTools.Tips.UnitTest.Adapter, Version=10.0.0.0, Culture=neutral, PublicKeyToken=b03f5f7f11d50a3a" className="CalculatorTester.UnitTest2, CalculatorTester, Version=1.0.0.0, Culture=neutral, PublicKeyToken=null" name="TestWithDataSource" />
      <DataSource connectionString="C:\Users\Admin\Desktop\Calculator\Calculator\CalculatorTester\Data\TestData.csv" providerInvariantName="Microsoft.VisualStudio.TestTools.DataSource.CSV" tableName="TestData#csv" />
    </UnitTest>
  </TestDefinitions>
  <TestLists>
    <TestList name="Results Not in a List" id="8c84fa94-04c1-424b-9868-57a2d4851a1d" />
    <TestList name="All Loaded Results" id="19431567-8539-422a-85d7-44ee4e166bda" />
  </TestLists>
  <TestEntries>
    <TestEntry testId="b16e3180-a64c-507c-c325-e19aaafbe832" executionId="082f6df5-1ff7-4a55-8e77-f765136c1032" testListId="8c84fa94-04c1-424b-9868-57a2d4851a1d" />
  </TestEntries>
  <Results>
    <UnitTestResult executionId="082f6df5-1ff7-4a55-8e77-f765136c1032" testId="b16e3180-a64c-507c-c325-e19aaafbe832" testName="TestWithDataSource" computerName="D45" duration="00:00:00.1023430" startTime="2022-03-10T08:57:52.4060000+07:00" endTime="2022-03-10T08:57:52.6110000+07:00" testType="13cdc9d9-ddb5-4fa4-a97d-d965ccfc6d4b" outcome="Passed" testListId="8c84fa94-04c1-424b-9868-57a2d4851a1d" relativeResultsDirectory="082f6df5-1ff7-4a55-8e77-f765136c1032" resultType="DataDrivenTest">
      <Counters error="0" failed="0" timeout="0" aborted="0" inconclusive="0" passedButRunAborted="0" notRunnable="0" notExecuted="0" disconnected="0" warning="0" passed="4" completed="0" inProgress="0" pending="0" />
      <InnerResults>
        <UnitTestResult executionId="9775037c-2c18-4cc2-becc-ae4b7ef8318b" parentExecutionId="082f6df5-1ff7-4a55-8e77-f765136c1032" testId="b16e3180-a64c-507c-c325-e19aaafbe832" testName="TestWithDataSource" computerName="D45" duration="00:00:00.0266881" startTime="2022-03-10T08:57:52.5770000+07:00" endTime="2022-03-10T08:57:52.6060000+07:00" testType="13cdc9d9-ddb5-4fa4-a97d-d965ccfc6d4b" outcome="Passed" testListId="8c84fa94-04c1-424b-9868-57a2d4851a1d" relativeResultsDirectory="082f6df5-1ff7-4a55-8e77-f765136c1032" dataRowInfo="0" resultType="DataDrivenDataRow" />
        <UnitTestResult executionId="439e18fb-48f3-4151-9672-6e15ecb390d8" parentExecutionId="082f6df5-1ff7-4a55-8e77-f765136c1032" testId="b16e3180-a64c-507c-c325-e19aaafbe832" testName="TestWithDataSource" computerName="D45" duration="00:00:00.0000163" startTime="2022-03-10T08:57:52.6060000+07:00" endTime="2022-03-10T08:57:52.6060000+07:00" testType="13cdc9d9-ddb5-4fa4-a97d-d965ccfc6d4b" outcome="Passed" testListId="8c84fa94-04c1-424b-9868-57a2d4851a1d" relativeResultsDirectory="082f6df5-1ff7-4a55-8e77-f765136c1032" dataRowInfo="1" resultType="DataDrivenDataRow" />
        <UnitTestResult executionId="8946ea5c-a9c2-4976-9521-4690bdb78851" parentExecutionId="082f6df5-1ff7-4a55-8e77-f765136c1032" testId="b16e3180-a64c-507c-c325-e19aaafbe832" testName="TestWithDataSource" computerName="D45" duration="00:00:00.0000044" startTime="2022-03-10T08:57:52.6060000+07:00" endTime="2022-03-10T08:57:52.6060000+07:00" testType="13cdc9d9-ddb5-4fa4-a97d-d965ccfc6d4b" outcome="Passed" testListId="8c84fa94-04c1-424b-9868-57a2d4851a1d" relativeResultsDirectory="082f6df5-1ff7-4a55-8e77-f765136c1032" dataRowInfo="2" resultType="DataDrivenDataRow" />
        <UnitTestResult executionId="e0252267-e08c-4530-b305-bb7aae2699a1" parentExecutionId="082f6df5-1ff7-4a55-8e77-f765136c1032" testId="b16e3180-a64c-507c-c325-e19aaafbe832" testName="TestWithDataSource" computerName="D45" duration="00:00:00.0000044" startTime="2022-03-10T08:57:52.6060000+07:00" endTime="2022-03-10T08:57:52.6060000+07:00" testType="13cdc9d9-ddb5-4fa4-a97d-d965ccfc6d4b" outcome="Passed" testListId="8c84fa94-04c1-424b-9868-57a2d4851a1d" relativeResultsDirectory="082f6df5-1ff7-4a55-8e77-f765136c1032" dataRowInfo="3" resultType="DataDrivenDataRow" />
      </InnerResults>
    </UnitTestResult>
  </Results>
</TestRun>