<?xml version="1.0" encoding="UTF-8"?>
<TestRun id="4efbf4ab-e076-4adb-83f9-8402d2c5a263" name="Admin@D45 2022-03-03 10:31:20" runUser="D45\Admin" xmlns="http://microsoft.com/schemas/VisualStudio/TeamTest/2010">
  <TestSettings name="Local" id="904e1636-c7f5-45e3-b84f-b9dab1cc98be">
    <Description>These are default test settings for a local test run.</Description>
    <Deployment enabled="false" runDeploymentRoot="Admin_D45 2022-03-03 10_31_20">
      <DeploymentItem filename="C:\Users\Admin\Desktop\Calculator\Calculator\Calculator\bin\Debug\Calculator.exe" />
    </Deployment>
    <Execution>
      <TestTypeSpecific />
      <AgentRule name="Execution Agents">
      </AgentRule>
    </Execution>
  </TestSettings>
  <Times creation="2022-03-03T10:31:20.4390000+07:00" queuing="2022-03-03T10:31:20.5060000+07:00" start="2022-03-03T10:31:20.5110000+07:00" finish="2022-03-03T10:31:21.0190000+07:00" />
  <ResultSummary outcome="Failed">
    <Counters total="6" executed="6" passed="4" error="0" failed="2" timeout="0" aborted="0" inconclusive="0" passedButRunAborted="0" notRunnable="0" notExecuted="0" disconnected="0" warning="0" completed="0" inProgress="0" pending="0" />
  </ResultSummary>
  <TestDefinitions>
    <UnitTest name="TestAddOperator" storage="c:\users\admin\desktop\calculator\calculator\calculatortester\bin\debug\calculatortester.dll" id="a9ef0ad8-0d03-f8f0-273b-6d7ed74133a7">
      <Execution id="8a740a21-68c8-4d22-9908-235cc95ee57c" />
      <TestMethod codeBase="C:/Users/Admin/Desktop/Calculator/Calculator/CalculatorTester/bin/Debug/CalculatorTester.DLL" adapterTypeName="Microsoft.VisualStudio.TestTools.TestTypes.Unit.UnitTestAdapter, Microsoft.VisualStudio.QualityTools.Tips.UnitTest.Adapter, Version=10.0.0.0, Culture=neutral, PublicKeyToken=b03f5f7f11d50a3a" className="CalculatorTester.UnitTest1, CalculatorTester, Version=1.0.0.0, Culture=neutral, PublicKeyToken=null" name="TestAddOperator" />
    </UnitTest>
    <UnitTest name="TestSubOperator" storage="c:\users\admin\desktop\calculator\calculator\calculatortester\bin\debug\calculatortester.dll" id="021a4f47-24b9-fd0b-9f52-d0cab4fb3aef">
      <Execution id="f53fe667-e74e-4ee4-bec7-7d6756ce5b0a" />
      <TestMethod codeBase="C:/Users/Admin/Desktop/Calculator/Calculator/CalculatorTester/bin/Debug/CalculatorTester.DLL" adapterTypeName="Microsoft.VisualStudio.TestTools.TestTypes.Unit.UnitTestAdapter, Microsoft.VisualStudio.QualityTools.Tips.UnitTest.Adapter, Version=10.0.0.0, Culture=neutral, PublicKeyToken=b03f5f7f11d50a3a" className="CalculatorTester.UnitTest1, CalculatorTester, Version=1.0.0.0, Culture=neutral, PublicKeyToken=null" name="TestSubOperator" />
    </UnitTest>
    <UnitTest name="TestMulOperator" storage="c:\users\admin\desktop\calculator\calculator\calculatortester\bin\debug\calculatortester.dll" id="c500917f-1ee6-5a9b-673a-6c41c523920e">
      <Execution id="9c5ce39e-23d2-4d38-8773-7136539ca1b6" />
      <TestMethod codeBase="C:/Users/Admin/Desktop/Calculator/Calculator/CalculatorTester/bin/Debug/CalculatorTester.DLL" adapterTypeName="Microsoft.VisualStudio.TestTools.TestTypes.Unit.UnitTestAdapter, Microsoft.VisualStudio.QualityTools.Tips.UnitTest.Adapter, Version=10.0.0.0, Culture=neutral, PublicKeyToken=b03f5f7f11d50a3a" className="CalculatorTester.UnitTest1, CalculatorTester, Version=1.0.0.0, Culture=neutral, PublicKeyToken=null" name="TestMulOperator" />
    </UnitTest>
    <UnitTest name="TestDivByZero" storage="c:\users\admin\desktop\calculator\calculator\calculatortester\bin\debug\calculatortester.dll" id="c5d55f8e-059a-67ad-1f03-72601aa5de2a">
      <Execution id="0e71b00e-f687-4b19-83fc-38948ac122b8" />
      <TestMethod codeBase="C:/Users/Admin/Desktop/Calculator/Calculator/CalculatorTester/bin/Debug/CalculatorTester.DLL" adapterTypeName="Microsoft.VisualStudio.TestTools.TestTypes.Unit.UnitTestAdapter, Microsoft.VisualStudio.QualityTools.Tips.UnitTest.Adapter, Version=10.0.0.0, Culture=neutral, PublicKeyToken=b03f5f7f11d50a3a" className="CalculatorTester.UnitTest1, CalculatorTester, Version=1.0.0.0, Culture=neutral, PublicKeyToken=null" name="TestDivByZero" />
    </UnitTest>
    <UnitTest name="DatabaseTest1" storage="c:\users\admin\desktop\calculator\calculator\calculatortester\bin\debug\calculatortester.dll" id="83f7ad86-e3e4-6ff6-de46-b0ef56bd2e62">
      <Execution id="394a431e-1b99-4aea-b0e1-09987ddf7880" />
      <TestMethod codeBase="C:/Users/Admin/Desktop/Calculator/Calculator/CalculatorTester/bin/Debug/CalculatorTester.DLL" adapterTypeName="Microsoft.VisualStudio.TestTools.TestTypes.Unit.UnitTestAdapter, Microsoft.VisualStudio.QualityTools.Tips.UnitTest.Adapter, Version=10.0.0.0, Culture=neutral, PublicKeyToken=b03f5f7f11d50a3a" className="CalculatorTester.DBTest, CalculatorTester, Version=1.0.0.0, Culture=neutral, PublicKeyToken=null" name="DatabaseTest1" />
    </UnitTest>
    <UnitTest name="TestDivOperator" storage="c:\users\admin\desktop\calculator\calculator\calculatortester\bin\debug\calculatortester.dll" id="9bca1c7c-9c85-df74-98be-226f6b87e39e">
      <Execution id="e7fda4f9-90c7-4446-b6c7-7dcf2d444d92" />
      <TestMethod codeBase="C:/Users/Admin/Desktop/Calculator/Calculator/CalculatorTester/bin/Debug/CalculatorTester.DLL" adapterTypeName="Microsoft.VisualStudio.TestTools.TestTypes.Unit.UnitTestAdapter, Microsoft.VisualStudio.QualityTools.Tips.UnitTest.Adapter, Version=10.0.0.0, Culture=neutral, PublicKeyToken=b03f5f7f11d50a3a" className="CalculatorTester.UnitTest1, CalculatorTester, Version=1.0.0.0, Culture=neutral, PublicKeyToken=null" name="TestDivOperator" />
    </UnitTest>
  </TestDefinitions>
  <TestLists>
    <TestList name="Results Not in a List" id="8c84fa94-04c1-424b-9868-57a2d4851a1d" />
    <TestList name="All Loaded Results" id="19431567-8539-422a-85d7-44ee4e166bda" />
  </TestLists>
  <TestEntries>
    <TestEntry testId="021a4f47-24b9-fd0b-9f52-d0cab4fb3aef" executionId="f53fe667-e74e-4ee4-bec7-7d6756ce5b0a" testListId="8c84fa94-04c1-424b-9868-57a2d4851a1d" />
    <TestEntry testId="83f7ad86-e3e4-6ff6-de46-b0ef56bd2e62" executionId="394a431e-1b99-4aea-b0e1-09987ddf7880" testListId="8c84fa94-04c1-424b-9868-57a2d4851a1d" />
    <TestEntry testId="9bca1c7c-9c85-df74-98be-226f6b87e39e" executionId="e7fda4f9-90c7-4446-b6c7-7dcf2d444d92" testListId="8c84fa94-04c1-424b-9868-57a2d4851a1d" />
    <TestEntry testId="a9ef0ad8-0d03-f8f0-273b-6d7ed74133a7" executionId="8a740a21-68c8-4d22-9908-235cc95ee57c" testListId="8c84fa94-04c1-424b-9868-57a2d4851a1d" />
    <TestEntry testId="c500917f-1ee6-5a9b-673a-6c41c523920e" executionId="9c5ce39e-23d2-4d38-8773-7136539ca1b6" testListId="8c84fa94-04c1-424b-9868-57a2d4851a1d" />
    <TestEntry testId="c5d55f8e-059a-67ad-1f03-72601aa5de2a" executionId="0e71b00e-f687-4b19-83fc-38948ac122b8" testListId="8c84fa94-04c1-424b-9868-57a2d4851a1d" />
  </TestEntries>
  <Results>
    <UnitTestResult executionId="f53fe667-e74e-4ee4-bec7-7d6756ce5b0a" testId="021a4f47-24b9-fd0b-9f52-d0cab4fb3aef" testName="TestSubOperator" computerName="D45" duration="00:00:00.0076394" startTime="2022-03-03T10:31:20.5170000+07:00" endTime="2022-03-03T10:31:20.7240000+07:00" testType="13cdc9d9-ddb5-4fa4-a97d-d965ccfc6d4b" outcome="Passed" testListId="8c84fa94-04c1-424b-9868-57a2d4851a1d" relativeResultsDirectory="f53fe667-e74e-4ee4-bec7-7d6756ce5b0a">
    </UnitTestResult>
    <UnitTestResult executionId="394a431e-1b99-4aea-b0e1-09987ddf7880" testId="83f7ad86-e3e4-6ff6-de46-b0ef56bd2e62" testName="DatabaseTest1" computerName="D45" duration="00:00:00.2548806" startTime="2022-03-03T10:31:20.7280000+07:00" endTime="2022-03-03T10:31:20.9850000+07:00" testType="13cdc9d9-ddb5-4fa4-a97d-d965ccfc6d4b" outcome="Failed" testListId="8c84fa94-04c1-424b-9868-57a2d4851a1d" relativeResultsDirectory="394a431e-1b99-4aea-b0e1-09987ddf7880">
      <Output>
        <DebugTrace>Executing test script...
Sql Error: 'Database 'BookStore' does not exist. Make sure that the name is entered correctly.' (Severity 16, State 1)
</DebugTrace>
        <ErrorInfo>
          <Message>Test method CalculatorTester.DBTest.DatabaseTest1 threw exception: 
System.Data.SqlClient.SqlException: Database 'BookStore' does not exist. Make sure that the name is entered correctly.</Message>
          <StackTrace>    at Microsoft.Data.Schema.UnitTesting.ExecutionEngine.ExecuteTest(ConnectionContext ctx, String testSql, DbParameter[] tsqlParameters)
   at Microsoft.Data.Schema.UnitTesting.DatabaseTestService.Execute(ConnectionContext scriptExecutionContext, ConnectionContext privilegedExecutionContext, DatabaseTestAction action, DbParameter[] sqlParameters)
   at CalculatorTester.DBTest.DatabaseTest1() in C:\Users\Admin\Desktop\Calculator\Calculator\CalculatorTester\DBTest.cs:line 43
</StackTrace>
        </ErrorInfo>
      </Output>
    </UnitTestResult>
    <UnitTestResult executionId="e7fda4f9-90c7-4446-b6c7-7dcf2d444d92" testId="9bca1c7c-9c85-df74-98be-226f6b87e39e" testName="TestDivOperator" computerName="D45" duration="00:00:00.0000989" startTime="2022-03-03T10:31:20.9890000+07:00" endTime="2022-03-03T10:31:20.9900000+07:00" testType="13cdc9d9-ddb5-4fa4-a97d-d965ccfc6d4b" outcome="Passed" testListId="8c84fa94-04c1-424b-9868-57a2d4851a1d" relativeResultsDirectory="e7fda4f9-90c7-4446-b6c7-7dcf2d444d92">
    </UnitTestResult>
    <UnitTestResult executionId="8a740a21-68c8-4d22-9908-235cc95ee57c" testId="a9ef0ad8-0d03-f8f0-273b-6d7ed74133a7" testName="TestAddOperator" computerName="D45" duration="00:00:00.0000945" startTime="2022-03-03T10:31:20.9940000+07:00" endTime="2022-03-03T10:31:20.9960000+07:00" testType="13cdc9d9-ddb5-4fa4-a97d-d965ccfc6d4b" outcome="Passed" testListId="8c84fa94-04c1-424b-9868-57a2d4851a1d" relativeResultsDirectory="8a740a21-68c8-4d22-9908-235cc95ee57c">
    </UnitTestResult>
    <UnitTestResult executionId="9c5ce39e-23d2-4d38-8773-7136539ca1b6" testId="c500917f-1ee6-5a9b-673a-6c41c523920e" testName="TestMulOperator" computerName="D45" duration="00:00:00.0000941" startTime="2022-03-03T10:31:20.9990000+07:00" endTime="2022-03-03T10:31:21.0000000+07:00" testType="13cdc9d9-ddb5-4fa4-a97d-d965ccfc6d4b" outcome="Passed" testListId="8c84fa94-04c1-424b-9868-57a2d4851a1d" relativeResultsDirectory="9c5ce39e-23d2-4d38-8773-7136539ca1b6">
    </UnitTestResult>
    <UnitTestResult executionId="0e71b00e-f687-4b19-83fc-38948ac122b8" testId="c5d55f8e-059a-67ad-1f03-72601aa5de2a" testName="TestDivByZero" computerName="D45" duration="00:00:00.0007757" startTime="2022-03-03T10:31:21.0040000+07:00" endTime="2022-03-03T10:31:21.0060000+07:00" testType="13cdc9d9-ddb5-4fa4-a97d-d965ccfc6d4b" outcome="Failed" testListId="8c84fa94-04c1-424b-9868-57a2d4851a1d" relativeResultsDirectory="0e71b00e-f687-4b19-83fc-38948ac122b8">
      <Output>
        <ErrorInfo>
          <Message>Test method CalculatorTester.UnitTest1.TestDivByZero did not throw expected exception System.DivideByZeroException.</Message>
        </ErrorInfo>
      </Output>
    </UnitTestResult>
  </Results>
</TestRun>