<?xml version="1.0" encoding="UTF-8"?>
<TestRun id="c201d88b-2a12-4d91-9298-b72dce596542" name="Admin@D46 2022-03-17 09:31:59" runUser="D46\Admin" xmlns="http://microsoft.com/schemas/VisualStudio/TeamTest/2010">
  <TestSettings name="Local" id="904e1636-c7f5-45e3-b84f-b9dab1cc98be">
    <Description>These are default test settings for a local test run.</Description>
    <Deployment enabled="false" runDeploymentRoot="Admin_D46 2022-03-17 09_31_59">
      <DeploymentItem filename="D:\KTPM\Calculator\Calculator\Calculator\bin\Debug\Calculator.exe" />
    </Deployment>
    <Execution>
      <TestTypeSpecific />
      <AgentRule name="Execution Agents">
      </AgentRule>
    </Execution>
  </TestSettings>
  <Times creation="2022-03-17T09:31:59.6990000+07:00" queuing="2022-03-17T09:32:00.7130000+07:00" start="2022-03-17T09:32:00.7440000+07:00" finish="2022-03-17T09:32:16.9890000+07:00" />
  <ResultSummary outcome="Failed">
    <Counters total="10" executed="10" passed="6" error="0" failed="4" timeout="0" aborted="0" inconclusive="0" passedButRunAborted="0" notRunnable="0" notExecuted="0" disconnected="0" warning="0" completed="0" inProgress="0" pending="0" />
  </ResultSummary>
  <TestDefinitions>
    <UnitTest name="TestPower0" storage="d:\ktpm\calculator\calculator\calculatortester\bin\debug\calculatortester.dll" id="b9b32fcc-d01e-febb-87b3-5c75a163981b">
      <Execution id="4d03200d-b4fc-4b40-934f-023341297074" />
      <TestMethod codeBase="D:/KTPM/Calculator/Calculator/CalculatorTester/bin/Debug/CalculatorTester.DLL" adapterTypeName="Microsoft.VisualStudio.TestTools.TestTypes.Unit.UnitTestAdapter, Microsoft.VisualStudio.QualityTools.Tips.UnitTest.Adapter, Version=10.0.0.0, Culture=neutral, PublicKeyToken=b03f5f7f11d50a3a" className="CalculatorTester.UnitTest2, CalculatorTester, Version=1.0.0.0, Culture=neutral, PublicKeyToken=null" name="TestPower0" />
    </UnitTest>
    <UnitTest name="TestAddOperator" storage="d:\ktpm\calculator\calculator\calculatortester\bin\debug\calculatortester.dll" id="a9ef0ad8-0d03-f8f0-273b-6d7ed74133a7">
      <Execution id="aa2e454b-40bf-4fdf-b00a-7df82597fdb0" />
      <TestMethod codeBase="D:/KTPM/Calculator/Calculator/CalculatorTester/bin/Debug/CalculatorTester.DLL" adapterTypeName="Microsoft.VisualStudio.TestTools.TestTypes.Unit.UnitTestAdapter, Microsoft.VisualStudio.QualityTools.Tips.UnitTest.Adapter, Version=10.0.0.0, Culture=neutral, PublicKeyToken=b03f5f7f11d50a3a" className="CalculatorTester.UnitTest1, CalculatorTester, Version=1.0.0.0, Culture=neutral, PublicKeyToken=null" name="TestAddOperator" />
    </UnitTest>
    <UnitTest name="TestWithDataSource" storage="d:\ktpm\calculator\calculator\calculatortester\bin\debug\calculatortester.dll" id="b16e3180-a64c-507c-c325-e19aaafbe832">
      <Execution id="b6ef10af-9f92-4a75-a96c-ad48a6f3dfca" />
      <TestMethod codeBase="D:/KTPM/Calculator/Calculator/CalculatorTester/bin/Debug/CalculatorTester.DLL" adapterTypeName="Microsoft.VisualStudio.TestTools.TestTypes.Unit.UnitTestAdapter, Microsoft.VisualStudio.QualityTools.Tips.UnitTest.Adapter, Version=10.0.0.0, Culture=neutral, PublicKeyToken=b03f5f7f11d50a3a" className="CalculatorTester.UnitTest2, CalculatorTester, Version=1.0.0.0, Culture=neutral, PublicKeyToken=null" name="TestWithDataSource" />
      <DataSource connectionString="C:\Users\Admin\Desktop\Calculator\Calculator\CalculatorTester\Data\TestData.csv" providerInvariantName="Microsoft.VisualStudio.TestTools.DataSource.CSV" tableName="TestData#csv" />
    </UnitTest>
    <UnitTest name="TestSubOperator" storage="d:\ktpm\calculator\calculator\calculatortester\bin\debug\calculatortester.dll" id="021a4f47-24b9-fd0b-9f52-d0cab4fb3aef">
      <Execution id="e9767efb-a96c-4381-9fbb-ac9b98984861" />
      <TestMethod codeBase="D:/KTPM/Calculator/Calculator/CalculatorTester/bin/Debug/CalculatorTester.DLL" adapterTypeName="Microsoft.VisualStudio.TestTools.TestTypes.Unit.UnitTestAdapter, Microsoft.VisualStudio.QualityTools.Tips.UnitTest.Adapter, Version=10.0.0.0, Culture=neutral, PublicKeyToken=b03f5f7f11d50a3a" className="CalculatorTester.UnitTest1, CalculatorTester, Version=1.0.0.0, Culture=neutral, PublicKeyToken=null" name="TestSubOperator" />
    </UnitTest>
    <UnitTest name="TestMulOperator" storage="d:\ktpm\calculator\calculator\calculatortester\bin\debug\calculatortester.dll" id="c500917f-1ee6-5a9b-673a-6c41c523920e">
      <Execution id="a4b9e263-beb7-42ae-87a5-a88e87ee6499" />
      <TestMethod codeBase="D:/KTPM/Calculator/Calculator/CalculatorTester/bin/Debug/CalculatorTester.DLL" adapterTypeName="Microsoft.VisualStudio.TestTools.TestTypes.Unit.UnitTestAdapter, Microsoft.VisualStudio.QualityTools.Tips.UnitTest.Adapter, Version=10.0.0.0, Culture=neutral, PublicKeyToken=b03f5f7f11d50a3a" className="CalculatorTester.UnitTest1, CalculatorTester, Version=1.0.0.0, Culture=neutral, PublicKeyToken=null" name="TestMulOperator" />
    </UnitTest>
    <UnitTest name="TestDivByZero" storage="d:\ktpm\calculator\calculator\calculatortester\bin\debug\calculatortester.dll" id="c5d55f8e-059a-67ad-1f03-72601aa5de2a">
      <Execution id="9413e6f0-81a1-45c0-9952-30362885da5f" />
      <TestMethod codeBase="D:/KTPM/Calculator/Calculator/CalculatorTester/bin/Debug/CalculatorTester.DLL" adapterTypeName="Microsoft.VisualStudio.TestTools.TestTypes.Unit.UnitTestAdapter, Microsoft.VisualStudio.QualityTools.Tips.UnitTest.Adapter, Version=10.0.0.0, Culture=neutral, PublicKeyToken=b03f5f7f11d50a3a" className="CalculatorTester.UnitTest1, CalculatorTester, Version=1.0.0.0, Culture=neutral, PublicKeyToken=null" name="TestDivByZero" />
    </UnitTest>
    <UnitTest name="TestPower2" storage="d:\ktpm\calculator\calculator\calculatortester\bin\debug\calculatortester.dll" id="e9054454-3375-2a11-2173-68356f7be0d8">
      <Execution id="26e31079-4eaa-4287-b803-7b4f844a22af" />
      <TestMethod codeBase="D:/KTPM/Calculator/Calculator/CalculatorTester/bin/Debug/CalculatorTester.DLL" adapterTypeName="Microsoft.VisualStudio.TestTools.TestTypes.Unit.UnitTestAdapter, Microsoft.VisualStudio.QualityTools.Tips.UnitTest.Adapter, Version=10.0.0.0, Culture=neutral, PublicKeyToken=b03f5f7f11d50a3a" className="CalculatorTester.UnitTest2, CalculatorTester, Version=1.0.0.0, Culture=neutral, PublicKeyToken=null" name="TestPower2" />
    </UnitTest>
    <UnitTest name="DatabaseTest1" storage="d:\ktpm\calculator\calculator\calculatortester\bin\debug\calculatortester.dll" id="83f7ad86-e3e4-6ff6-de46-b0ef56bd2e62">
      <Execution id="070caa4b-a90a-497b-b58a-c7bfc00654e9" />
      <TestMethod codeBase="D:/KTPM/Calculator/Calculator/CalculatorTester/bin/Debug/CalculatorTester.DLL" adapterTypeName="Microsoft.VisualStudio.TestTools.TestTypes.Unit.UnitTestAdapter, Microsoft.VisualStudio.QualityTools.Tips.UnitTest.Adapter, Version=10.0.0.0, Culture=neutral, PublicKeyToken=b03f5f7f11d50a3a" className="CalculatorTester.DBTest, CalculatorTester, Version=1.0.0.0, Culture=neutral, PublicKeyToken=null" name="DatabaseTest1" />
    </UnitTest>
    <UnitTest name="TestPower1" storage="d:\ktpm\calculator\calculator\calculatortester\bin\debug\calculatortester.dll" id="1422148e-52ae-b9f8-8b3f-f8349a9252b9">
      <Execution id="5f7c3f64-464a-4bf9-ba88-f157681c975b" />
      <TestMethod codeBase="D:/KTPM/Calculator/Calculator/CalculatorTester/bin/Debug/CalculatorTester.DLL" adapterTypeName="Microsoft.VisualStudio.TestTools.TestTypes.Unit.UnitTestAdapter, Microsoft.VisualStudio.QualityTools.Tips.UnitTest.Adapter, Version=10.0.0.0, Culture=neutral, PublicKeyToken=b03f5f7f11d50a3a" className="CalculatorTester.UnitTest2, CalculatorTester, Version=1.0.0.0, Culture=neutral, PublicKeyToken=null" name="TestPower1" />
    </UnitTest>
    <UnitTest name="TestDivOperator" storage="d:\ktpm\calculator\calculator\calculatortester\bin\debug\calculatortester.dll" id="9bca1c7c-9c85-df74-98be-226f6b87e39e">
      <Execution id="7a987a31-8a8f-478a-8e86-caa9fa72bb2e" />
      <TestMethod codeBase="D:/KTPM/Calculator/Calculator/CalculatorTester/bin/Debug/CalculatorTester.DLL" adapterTypeName="Microsoft.VisualStudio.TestTools.TestTypes.Unit.UnitTestAdapter, Microsoft.VisualStudio.QualityTools.Tips.UnitTest.Adapter, Version=10.0.0.0, Culture=neutral, PublicKeyToken=b03f5f7f11d50a3a" className="CalculatorTester.UnitTest1, CalculatorTester, Version=1.0.0.0, Culture=neutral, PublicKeyToken=null" name="TestDivOperator" />
    </UnitTest>
  </TestDefinitions>
  <TestLists>
    <TestList name="Results Not in a List" id="8c84fa94-04c1-424b-9868-57a2d4851a1d" />
    <TestList name="All Loaded Results" id="19431567-8539-422a-85d7-44ee4e166bda" />
  </TestLists>
  <TestEntries>
    <TestEntry testId="021a4f47-24b9-fd0b-9f52-d0cab4fb3aef" executionId="e9767efb-a96c-4381-9fbb-ac9b98984861" testListId="8c84fa94-04c1-424b-9868-57a2d4851a1d" />
    <TestEntry testId="1422148e-52ae-b9f8-8b3f-f8349a9252b9" executionId="5f7c3f64-464a-4bf9-ba88-f157681c975b" testListId="8c84fa94-04c1-424b-9868-57a2d4851a1d" />
    <TestEntry testId="83f7ad86-e3e4-6ff6-de46-b0ef56bd2e62" executionId="070caa4b-a90a-497b-b58a-c7bfc00654e9" testListId="8c84fa94-04c1-424b-9868-57a2d4851a1d" />
    <TestEntry testId="9bca1c7c-9c85-df74-98be-226f6b87e39e" executionId="7a987a31-8a8f-478a-8e86-caa9fa72bb2e" testListId="8c84fa94-04c1-424b-9868-57a2d4851a1d" />
    <TestEntry testId="a9ef0ad8-0d03-f8f0-273b-6d7ed74133a7" executionId="aa2e454b-40bf-4fdf-b00a-7df82597fdb0" testListId="8c84fa94-04c1-424b-9868-57a2d4851a1d" />
    <TestEntry testId="b16e3180-a64c-507c-c325-e19aaafbe832" executionId="b6ef10af-9f92-4a75-a96c-ad48a6f3dfca" testListId="8c84fa94-04c1-424b-9868-57a2d4851a1d" />
    <TestEntry testId="b9b32fcc-d01e-febb-87b3-5c75a163981b" executionId="4d03200d-b4fc-4b40-934f-023341297074" testListId="8c84fa94-04c1-424b-9868-57a2d4851a1d" />
    <TestEntry testId="c500917f-1ee6-5a9b-673a-6c41c523920e" executionId="a4b9e263-beb7-42ae-87a5-a88e87ee6499" testListId="8c84fa94-04c1-424b-9868-57a2d4851a1d" />
    <TestEntry testId="c5d55f8e-059a-67ad-1f03-72601aa5de2a" executionId="9413e6f0-81a1-45c0-9952-30362885da5f" testListId="8c84fa94-04c1-424b-9868-57a2d4851a1d" />
    <TestEntry testId="e9054454-3375-2a11-2173-68356f7be0d8" executionId="26e31079-4eaa-4287-b803-7b4f844a22af" testListId="8c84fa94-04c1-424b-9868-57a2d4851a1d" />
  </TestEntries>
  <Results>
    <UnitTestResult executionId="e9767efb-a96c-4381-9fbb-ac9b98984861" testId="021a4f47-24b9-fd0b-9f52-d0cab4fb3aef" testName="TestSubOperator" computerName="D46" duration="00:00:00.0275879" startTime="2022-03-17T09:32:00.7820000+07:00" endTime="2022-03-17T09:32:01.3380000+07:00" testType="13cdc9d9-ddb5-4fa4-a97d-d965ccfc6d4b" outcome="Passed" testListId="8c84fa94-04c1-424b-9868-57a2d4851a1d" relativeResultsDirectory="e9767efb-a96c-4381-9fbb-ac9b98984861">
    </UnitTestResult>
    <UnitTestResult executionId="5f7c3f64-464a-4bf9-ba88-f157681c975b" testId="1422148e-52ae-b9f8-8b3f-f8349a9252b9" testName="TestPower1" computerName="D46" duration="00:00:00.1071637" startTime="2022-03-17T09:32:01.3420000+07:00" endTime="2022-03-17T09:32:01.4520000+07:00" testType="13cdc9d9-ddb5-4fa4-a97d-d965ccfc6d4b" outcome="Failed" testListId="8c84fa94-04c1-424b-9868-57a2d4851a1d" relativeResultsDirectory="5f7c3f64-464a-4bf9-ba88-f157681c975b">
      <Output>
        <ErrorInfo>
          <Message>Assert.AreEqual failed. Expected:&lt;1&gt;. Actual:&lt;3&gt;. </Message>
          <StackTrace>   at CalculatorTester.UnitTest2.TestPower1() in C:\Users\Admin\Desktop\Calculator\Calculator\CalculatorTester\UnitTest2.cs:line 30
</StackTrace>
        </ErrorInfo>
      </Output>
    </UnitTestResult>
    <UnitTestResult executionId="070caa4b-a90a-497b-b58a-c7bfc00654e9" testId="83f7ad86-e3e4-6ff6-de46-b0ef56bd2e62" testName="DatabaseTest1" computerName="D46" duration="00:00:14.8332941" startTime="2022-03-17T09:32:01.4630000+07:00" endTime="2022-03-17T09:32:16.3030000+07:00" testType="13cdc9d9-ddb5-4fa4-a97d-d965ccfc6d4b" outcome="Failed" testListId="8c84fa94-04c1-424b-9868-57a2d4851a1d" relativeResultsDirectory="070caa4b-a90a-497b-b58a-c7bfc00654e9">
      <Output>
        <ErrorInfo>
          <Message>Initialization method CalculatorTester.DBTest.TestInitialize threw exception. System.Data.SqlClient.SqlException: System.Data.SqlClient.SqlException: A network-related or instance-specific error occurred while establishing a connection to SQL Server. The server was not found or was not accessible. Verify that the instance name is correct and that SQL Server is configured to allow remote connections. (provider: SQL Network Interfaces, error: 26 - Error Locating Server/Instance Specified).</Message>
          <StackTrace>    at System.Data.SqlClient.SqlInternalConnectionTds..ctor(DbConnectionPoolIdentity identity, SqlConnectionString connectionOptions, SqlCredential credential, Object providerInfo, String newPassword, SecureString newSecurePassword, Boolean redirectedUserInstance, SqlConnectionString userConnectionOptions, SessionData reconnectSessionData, DbConnectionPool pool, String accessToken, Boolean applyTransientFaultHandling, SqlAuthenticationProviderManager sqlAuthProviderManager)
   at System.Data.SqlClient.SqlConnectionFactory.CreateConnection(DbConnectionOptions options, DbConnectionPoolKey poolKey, Object poolGroupProviderInfo, DbConnectionPool pool, DbConnection owningConnection, DbConnectionOptions userOptions)
   at System.Data.ProviderBase.DbConnectionFactory.CreateNonPooledConnection(DbConnection owningConnection, DbConnectionPoolGroup poolGroup, DbConnectionOptions userOptions)
   at System.Data.ProviderBase.DbConnectionFactory.TryGetConnection(DbConnection owningConnection, TaskCompletionSource`1 retry, DbConnectionOptions userOptions, DbConnectionInternal oldConnection, DbConnectionInternal&amp; connection)
   at System.Data.ProviderBase.DbConnectionInternal.TryOpenConnectionInternal(DbConnection outerConnection, DbConnectionFactory connectionFactory, TaskCompletionSource`1 retry, DbConnectionOptions userOptions)
   at System.Data.ProviderBase.DbConnectionClosed.TryOpenConnection(DbConnection outerConnection, DbConnectionFactory connectionFactory, TaskCompletionSource`1 retry, DbConnectionOptions userOptions)
   at System.Data.SqlClient.SqlConnection.TryOpenInner(TaskCompletionSource`1 retry)
   at System.Data.SqlClient.SqlConnection.TryOpen(TaskCompletionSource`1 retry)
   at System.Data.SqlClient.SqlConnection.Open()
   at Microsoft.Data.Schema.UnitTesting.DatabaseTestService.CreateConnectionContext(ConnectionContextElement config)
   at Microsoft.Data.Schema.UnitTesting.DatabaseTestService.OpenExecutionContext()
   at Microsoft.Data.Schema.UnitTesting.DatabaseTestClass.InitializeTest()
   at CalculatorTester.DBTest.TestInitialize() in C:\Users\Admin\Desktop\Calculator\Calculator\CalculatorTester\DBTest.cs:line 24
</StackTrace>
        </ErrorInfo>
      </Output>
    </UnitTestResult>
    <UnitTestResult executionId="7a987a31-8a8f-478a-8e86-caa9fa72bb2e" testId="9bca1c7c-9c85-df74-98be-226f6b87e39e" testName="TestDivOperator" computerName="D46" duration="00:00:00.0000877" startTime="2022-03-17T09:32:16.3070000+07:00" endTime="2022-03-17T09:32:16.3090000+07:00" testType="13cdc9d9-ddb5-4fa4-a97d-d965ccfc6d4b" outcome="Passed" testListId="8c84fa94-04c1-424b-9868-57a2d4851a1d" relativeResultsDirectory="7a987a31-8a8f-478a-8e86-caa9fa72bb2e">
    </UnitTestResult>
    <UnitTestResult executionId="aa2e454b-40bf-4fdf-b00a-7df82597fdb0" testId="a9ef0ad8-0d03-f8f0-273b-6d7ed74133a7" testName="TestAddOperator" computerName="D46" duration="00:00:00.0000774" startTime="2022-03-17T09:32:16.3120000+07:00" endTime="2022-03-17T09:32:16.3130000+07:00" testType="13cdc9d9-ddb5-4fa4-a97d-d965ccfc6d4b" outcome="Passed" testListId="8c84fa94-04c1-424b-9868-57a2d4851a1d" relativeResultsDirectory="aa2e454b-40bf-4fdf-b00a-7df82597fdb0">
    </UnitTestResult>
    <UnitTestResult executionId="b6ef10af-9f92-4a75-a96c-ad48a6f3dfca" testId="b16e3180-a64c-507c-c325-e19aaafbe832" testName="TestWithDataSource" computerName="D46" startTime="2022-03-17T09:32:16.3160000+07:00" endTime="2022-03-17T09:32:16.8820000+07:00" testType="13cdc9d9-ddb5-4fa4-a97d-d965ccfc6d4b" outcome="Failed" testListId="8c84fa94-04c1-424b-9868-57a2d4851a1d" relativeResultsDirectory="b6ef10af-9f92-4a75-a96c-ad48a6f3dfca" resultType="DataDrivenTest">
      <Output>
        <ErrorInfo>
          <Message>The unit test adapter failed to connect to the data source or to read the data. For more information on troubleshooting this error, see "Troubleshooting Data-Driven Unit Tests" (http://go.microsoft.com/fwlink/?LinkId=62412) in the MSDN Library.
Error details: 'C:\Users\Admin\Desktop\Calculator\Calculator\CalculatorTester\Data' is not a valid path.  Make sure that the path name is spelled correctly and that you are connected to the server on which the file resides.</Message>
        </ErrorInfo>
      </Output>
    </UnitTestResult>
    <UnitTestResult executionId="4d03200d-b4fc-4b40-934f-023341297074" testId="b9b32fcc-d01e-febb-87b3-5c75a163981b" testName="TestPower0" computerName="D46" duration="00:00:00.0004023" startTime="2022-03-17T09:32:16.8950000+07:00" endTime="2022-03-17T09:32:16.9010000+07:00" testType="13cdc9d9-ddb5-4fa4-a97d-d965ccfc6d4b" outcome="Passed" testListId="8c84fa94-04c1-424b-9868-57a2d4851a1d" relativeResultsDirectory="4d03200d-b4fc-4b40-934f-023341297074">
    </UnitTestResult>
    <UnitTestResult executionId="a4b9e263-beb7-42ae-87a5-a88e87ee6499" testId="c500917f-1ee6-5a9b-673a-6c41c523920e" testName="TestMulOperator" computerName="D46" duration="00:00:00.0003696" startTime="2022-03-17T09:32:16.9150000+07:00" endTime="2022-03-17T09:32:16.9210000+07:00" testType="13cdc9d9-ddb5-4fa4-a97d-d965ccfc6d4b" outcome="Passed" testListId="8c84fa94-04c1-424b-9868-57a2d4851a1d" relativeResultsDirectory="a4b9e263-beb7-42ae-87a5-a88e87ee6499">
    </UnitTestResult>
    <UnitTestResult executionId="9413e6f0-81a1-45c0-9952-30362885da5f" testId="c5d55f8e-059a-67ad-1f03-72601aa5de2a" testName="TestDivByZero" computerName="D46" duration="00:00:00.0024395" startTime="2022-03-17T09:32:16.9340000+07:00" endTime="2022-03-17T09:32:16.9390000+07:00" testType="13cdc9d9-ddb5-4fa4-a97d-d965ccfc6d4b" outcome="Failed" testListId="8c84fa94-04c1-424b-9868-57a2d4851a1d" relativeResultsDirectory="9413e6f0-81a1-45c0-9952-30362885da5f">
      <Output>
        <ErrorInfo>
          <Message>Test method CalculatorTester.UnitTest1.TestDivByZero did not throw expected exception System.DivideByZeroException.</Message>
        </ErrorInfo>
      </Output>
    </UnitTestResult>
    <UnitTestResult executionId="26e31079-4eaa-4287-b803-7b4f844a22af" testId="e9054454-3375-2a11-2173-68356f7be0d8" testName="TestPower2" computerName="D46" duration="00:00:00.0002426" startTime="2022-03-17T09:32:16.9470000+07:00" endTime="2022-03-17T09:32:16.9500000+07:00" testType="13cdc9d9-ddb5-4fa4-a97d-d965ccfc6d4b" outcome="Passed" testListId="8c84fa94-04c1-424b-9868-57a2d4851a1d" relativeResultsDirectory="26e31079-4eaa-4287-b803-7b4f844a22af">
    </UnitTestResult>
  </Results>
</TestRun>